 The system has: 

 Core Hamiltonian
    1    1      0.00000000
    2    1     -0.63203600
    3    1     -0.75131025
    4    1     -0.64187575
    2    2     -0.32450774
    3    2     -0.64187575
    4    2     -0.33842179
    3    3     -0.39182938
    4    3     -0.63203600
    4    4     -0.32450774

 Fock Matrix
    1    1      0.00000000
    2    1     -0.42290737
    3    1     -0.56670041
    4    1     -0.42290737
    2    2     -0.65755281
    3    2      0.26004674
    4    2      0.65755281
    3    3      0.42290737
    4    3     -0.56670041
    4    4     -0.26004674

 Density Matrix
    1    1      0.00000000
    2    1     -0.64109733
    3    1     -1.07842419
    4    1     -0.01033351
    2    2      0.35676222
    3    2     -0.01033351
    4    2     -0.21228442
    3    3      0.83611618
    4    3     -0.64109733
    4    4      0.35676222
